<?xml version="1.0" encoding="UTF-8"?>
<!-- Generated by org.testng.reporters.JUnitReportReporter -->
<testsuite hostname="LIPU-PC" failures="0" tests="2" name="testRunner_project4.TestRunner_project4" time="2.199" errors="0" timestamp="2023-05-10T22:42:13 EDT" skipped="0">
  <testcase classname="testRunner_project4.TestRunner_project4" name="feature" time="0.598"/>
  <system-out/>
  <testcase classname="testRunner_project4.TestRunner_project4" name="feature" time="1.601"/>
  <system-out/>
</testsuite> <!-- testRunner_project4.TestRunner_project4 -->
