<?xml version="1.0" encoding="UTF-8"?>
<!-- Generated by org.testng.reporters.JUnitReportReporter -->
<testsuite hostname="LIPU-PC" failures="0" tests="1" name="testRunner_project4.TestRunner_project4" time="24.797" errors="0" timestamp="2023-05-22T21:03:08 EDT" skipped="0">
  <testcase classname="testRunner_project4.TestRunner_project4" name="feature" time="24.797"/>
  <system-out/>
</testsuite> <!-- testRunner_project4.TestRunner_project4 -->
